python3 hyperparameter_test_eirik.py --batch_size "16" --dropout "0.1"  --lr "2e-05" --epochs 5 --train_language "ru" --test_language "en" --freeze False

Data preprocessing...
TESTING FOR MUTLIPLE PARAMETERS:


Some weights of BertForTokenClassification were not initialized from the model checkpoint at bert-base-multilingual-cased and are newly initialized: ['classifier.bias', 'classifier.weight']
You should probably TRAIN this model on a down-stream task to be able to use it for predictions and inference.


====================================================================================================
Training model: bert-base-multilingual-cased
 * 5 epochs
 * learning rate is 2e-05
 * train language: ru
 * test language: en
 * dropout: 0.1
 * batch size is 16
 * frozen weights: True
 * activation: GELU
 * device is on cuda
 * warmup steps: 50
____________________________________________________________________________________________________

/itf-fi-ml/home/eirikeg/.local/lib/python3.9/site-packages/seqeval/metrics/sequence_labeling.py:171: UserWarning: [SEP] seems not to be NE tag.
  warnings.warn('{} seems not to be NE tag.'.format(chunk))
/itf-fi-ml/home/eirikeg/.local/lib/python3.9/site-packages/seqeval/metrics/v1.py:57: UndefinedMetricWarning: Recall and F-score are ill-defined and being set to 0.0 in labels with no true samples. Use `zero_division` parameter to control this behavior.
  _warn_prf(average, modifier, msg_start, len(result))
Epoch 1/5, accuracy: 0.8109, loss: 0.2119
 * Micro Average: f1: 0.5427, precision: 0.4951, recall: 0.6004
 * Macro Average: f1: 0.4147, precision: 0.3964, recall: 0.4497

Epoch 2/5, accuracy: 0.8514, loss: 0.0672
 * Micro Average: f1: 0.6427, precision: 0.6117, recall: 0.6770
 * Macro Average: f1: 0.6468, precision: 0.6213, recall: 0.6774

Epoch 3/5, accuracy: 0.8254, loss: 0.0433
 * Micro Average: f1: 0.5755, precision: 0.5354, recall: 0.6221
 * Macro Average: f1: 0.5851, precision: 0.5665, recall: 0.6214

Epoch 4/5, accuracy: 0.8322, loss: 0.0301
 * Micro Average: f1: 0.6067, precision: 0.5727, recall: 0.6451
 * Macro Average: f1: 0.4617, precision: 0.4474, recall: 0.4838

Epoch 5/5, accuracy: 0.8396, loss: 0.0222
 * Micro Average: f1: 0.6215, precision: 0.5860, recall: 0.6615
 * Macro Average: f1: 0.6293, precision: 0.6046, recall: 0.6617

Classification Report on test set:

________________________________________
 LOC:
  * precision: 0.4991
  * recall: 0.6131
  * f1-score: 0.5502
  * support: 4825.0000
 ORG:
  * precision: 0.5409
  * recall: 0.6760
  * f1-score: 0.6009
  * support: 4666.0000
 PER:
  * precision: 0.8216
  * recall: 0.7680
  * f1-score: 0.7939
  * support: 4630.0000
 SEP]:
  * precision: 0.0000
  * recall: 0.0000
  * f1-score: 0.0000
  * support: 0.0000
 micro avg:
  * precision: 0.6009
  * recall: 0.6847
  * f1-score: 0.6401
  * support: 14121.0000
 macro avg:
  * precision: 0.4654
  * recall: 0.5143
  * f1-score: 0.4863
  * support: 14121.0000
 weighted avg:
  * precision: 0.6187
  * recall: 0.6847
  * f1-score: 0.6469
  * support: 14121.0000
 accuracy:
  * 0.8385
________________________________________