Starting job 460093 on gpu-4 at Wed Mar 13 04:43:54 CET 2024

submission directory: /fp/homes01/u01/ec-eirikeg/mandatory_2
Some weights of BertForTokenClassification were not initialized from the model checkpoint at bert-base-multilingual-cased and are newly initialized: ['classifier.bias', 'classifier.weight']
You should probably TRAIN this model on a down-stream task to be able to use it for predictions and inference.
/fp/projects01/ec30/software/easybuild/software/nlpl-nlptools/01-foss-2022b-Python-3.10.8/lib/python3.10/site-packages/seqeval/metrics/sequence_labeling.py:171: UserWarning: [PAD] seems not to be NE tag.
  warnings.warn('{} seems not to be NE tag.'.format(chunk))
/fp/projects01/ec30/software/easybuild/software/nlpl-nlptools/01-foss-2022b-Python-3.10.8/lib/python3.10/site-packages/seqeval/metrics/v1.py:57: UndefinedMetricWarning: Precision and F-score are ill-defined and being set to 0.0 in labels with no predicted samples. Use `zero_division` parameter to control this behavior.
  _warn_prf(average, modifier, msg_start, len(result))
/fp/projects01/ec30/software/easybuild/software/nlpl-nlptools/01-foss-2022b-Python-3.10.8/lib/python3.10/site-packages/seqeval/metrics/v1.py:57: UndefinedMetricWarning: Recall and F-score are ill-defined and being set to 0.0 in labels with no true samples. Use `zero_division` parameter to control this behavior.
  _warn_prf(average, modifier, msg_start, len(result))
/fp/projects01/ec30/software/easybuild/software/nlpl-nlptools/01-foss-2022b-Python-3.10.8/lib/python3.10/site-packages/seqeval/metrics/sequence_labeling.py:171: UserWarning: [SEP] seems not to be NE tag.
  warnings.warn('{} seems not to be NE tag.'.format(chunk))

Data preprocessing...
TESTING FOR MUTLIPLE PARAMETERS:




====================================================================================================
Training model: bert-base-multilingual-cased
 * 5 epochs
 * learning rate is 2e-05
 * train language: en-it
 * test language: en
 * dropout: 0.3
 * batch size is 16
 * frozen weights: True
 * activation: GELU
 * device is on cuda
 * warmup steps: 50
____________________________________________________________________________________________________

Epoch 1/5, accuracy: 0.2797, loss: 1.6816
 * Micro Average: f1: 0.0000, precision: 0.0000, recall: 0.0000
 * Macro Average: f1: 0.0000, precision: 0.0000, recall: 0.0000

Epoch 2/5, accuracy: 0.3653, loss: 1.3377
 * Micro Average: f1: 0.0000, precision: 0.0000, recall: 0.0000
 * Macro Average: f1: 0.0000, precision: 0.0000, recall: 0.0000

Epoch 3/5, accuracy: 0.3968, loss: 1.2187
 * Micro Average: f1: 0.0000, precision: 0.0000, recall: 0.0000
 * Macro Average: f1: 0.0000, precision: 0.0000, recall: 0.0000

Epoch 4/5, accuracy: 0.4153, loss: 1.1583
 * Micro Average: f1: 0.0000, precision: 0.0000, recall: 0.0000
 * Macro Average: f1: 0.0000, precision: 0.0000, recall: 0.0000

Epoch 5/5, accuracy: 0.4223, loss: 1.1395
 * Micro Average: f1: 0.0002, precision: 0.0001, recall: 0.0002
 * Macro Average: f1: 0.0002, precision: 0.0005, recall: 0.0001

Finished training in 96.31 seconds

Classification Report on test set:

________________________________________
 LOC:
  * precision: 0.0000
  * recall: 0.0000
  * f1-score: 0.0000
  * support: 4825.0000
 ORG:
  * precision: 0.0039
  * recall: 0.0009
  * f1-score: 0.0014
  * support: 4666.0000
 PAD]:
  * precision: 0.0000
  * recall: 0.0000
  * f1-score: 0.0000
  * support: 0.0000
 PER:
  * precision: 0.0000
  * recall: 0.0000
  * f1-score: 0.0000
  * support: 4630.0000
 SEP]:
  * precision: 0.0000
  * recall: 0.0000
  * f1-score: 0.0000
  * support: 0.0000
 micro avg:
  * precision: 0.0002
  * recall: 0.0003
  * f1-score: 0.0002
  * support: 14121.0000
 macro avg:
  * precision: 0.0008
  * recall: 0.0002
  * f1-score: 0.0003
  * support: 14121.0000
 weighted avg:
  * precision: 0.0013
  * recall: 0.0003
  * f1-score: 0.0005
  * support: 14121.0000
 accuracy:
  * 0.4198
________________________________________


Saving model to /fp/projects01/ec30/eirikeg/models
Model saved!

----------------------------------------------------------------------------------------------------



====================================================================================================
BEST MODEL (f1: 0.0002482):
Training model: bert-base-multilingual-cased
 * 5 epochs
 * learning rate is 2e-05
 * train language: en-it
 * test language: en
 * dropout: 0.3
 * batch size is 16
 * frozen weights: True
 * activation: GELU
 * device is on cuda
 * warmup steps: 50

Saving model to /fp/projects01/ec30/eirikeg/models
Model saved!

----------------------------------------------------------------------------------------------------


Task and CPU usage stats:
JobID           JobName  AllocCPUS   NTasks     MinCPU MinCPUTask     AveCPU    Elapsed ExitCode 
------------ ---------- ---------- -------- ---------- ---------- ---------- ---------- -------- 
460093           in5550          4                                             00:02:01      0:0 
460093.batch      batch          4        1   00:01:51          0   00:01:51   00:02:01      0:0 
460093.exte+     extern          4        1   00:00:00          0   00:00:00   00:02:01      0:0 

Memory usage stats:
JobID            MaxRSS MaxRSSTask     AveRSS MaxPages   MaxPagesTask   AvePages 
------------ ---------- ---------- ---------- -------- -------------- ---------- 
460093                                                                           
460093.batch   1331948K          0   1331948K        0              0          0 
460093.exte+          0          0          0        0              0          0 

Disk usage stats:
JobID         MaxDiskRead MaxDiskReadTask    AveDiskRead MaxDiskWrite MaxDiskWriteTask   AveDiskWrite 
------------ ------------ --------------- -------------- ------------ ---------------- -------------- 
460093                                                                                                
460093.batch      758.71M               0        758.71M     1353.11M                0       1353.11M 
460093.exte+        0.01M               0          0.01M        0.00M                0          0.00M 

Job 460093 completed at Wed Mar 13 04:45:55 CET 2024
