Epoch 0/1
----------
current mean of losses  1.9945259094238281
current mean of losses  1.6211879666488949
current mean of losses  1.3493100174920476
current mean of losses  1.240489007725668
current mean of losses  1.153497699787492
current mean of losses  1.0632770938832246
current mean of losses  1.0304963286538389
current mean of losses  0.9826952251612332
current mean of losses  0.9697710234420688
current mean of losses  0.9478128001747134
current mean of losses  0.9120927821122832
current mean of losses  0.8982721881333613
current mean of losses  0.8694067576669039
current mean of losses  0.8544780721431233
current mean of losses  0.8438000217595967
Epoch 0/1
----------
current mean of losses  1.892814040184021
current mean of losses  1.2252313960896861
current mean of losses  0.9124595141825984
current mean of losses  0.7682477191734155
current mean of losses  0.6845022197116045
current mean of losses  0.6257780747945437
current mean of losses  0.5828890707994658
current mean of losses  0.5508724537793648
current mean of losses  0.5262292944425054
current mean of losses  0.5035897020196809
current mean of losses  0.4869660476388244
current mean of losses  0.47391103314139377
meanloss: 0.22279125418558363 ap_class: {0: 0.9776107335751276, 1: 0.9999069611427656, 2: 0.960554847825164, 3: 0.9623207845798594, 4: 0.9996008659006538, 5: 0.9947137985557467} mean_accuracy: 0.9824513319298861 0.9222328662872314
 Loss 0.46757990321589743 class AP 0.9824513319298861 mAP 0.9222328662872314 Validation loss {0: 0.9776107335751276, 1: 0.9999069611427656, 2: 0.960554847825164, 3: 0.9623207845798594, 4: 0.9996008659006538, 5: 0.9947137985557467}
current best 0.9222328662872314  at epoch  0
Epoch 1/1
----------
current mean of losses  0.709978461265564
current mean of losses  0.3070139077925446
current mean of losses  0.3011057821116341
current mean of losses  0.2984074017410461
current mean of losses  0.2943760234110076
current mean of losses  0.2924364312010968
current mean of losses  0.297487397475196
current mean of losses  0.29243018219085376
current mean of losses  0.29311062982736086
current mean of losses  0.29164881844664786
current mean of losses  0.2877338835067087
current mean of losses  0.2840499220437943
meanloss: 0.19470566299610903 ap_class: {0: 0.9884917378304656, 1: 0.9997808224799674, 2: 0.971094715169901, 3: 0.9772956026924686, 4: 0.9994655785930155, 5: 0.9956580659440477} mean_accuracy: 0.9886310871183109 0.9317746758460999
 Loss 0.28445382212423515 class AP 0.9886310871183109 mAP 0.9317746758460999 Validation loss {0: 0.9884917378304656, 1: 0.9997808224799674, 2: 0.971094715169901, 3: 0.9772956026924686, 4: 0.9994655785930155, 5: 0.9956580659440477}
current best 0.9317746758460999  at epoch  1
Epoch 0/1
----------
current mean of losses  1.927557349205017
current mean of losses  0.9894185311133319
current mean of losses  0.9593551507340142
current mean of losses  0.8739304806900975
current mean of losses  0.7991031121620513
current mean of losses  0.7532942746868153
current mean of losses  0.7067442679570092
current mean of losses  0.6854500441802679
current mean of losses  0.6537678947046716
current mean of losses  0.6328646235010865
current mean of losses  0.614131773995993
current mean of losses  0.597313154805164
meanloss: 0.3746098558817591 ap_class: {0: 0.9902601294150198, 1: 0.9995170132979003, 2: 0.7045710098623731, 3: 0.97345172018406, 4: 0.9941510059912811, 5: 0.9913301732904277} mean_accuracy: 0.9422135086735103 0.8874046206474304
 Loss 0.5843798627572052 class AP 0.9422135086735103 mAP 0.8874046206474304 Validation loss {0: 0.9902601294150198, 1: 0.9995170132979003, 2: 0.7045710098623731, 3: 0.97345172018406, 4: 0.9941510059912811, 5: 0.9913301732904277}
current best 0.8874046206474304  at epoch  0
Epoch 1/1
----------
current mean of losses  0.7397720217704773
current mean of losses  0.4145720662678232
current mean of losses  0.39521778341549546
current mean of losses  0.38737655171128205
current mean of losses  0.38111994945980665
current mean of losses  0.37486567199713516
current mean of losses  0.37987533961260034
current mean of losses  0.3719882555505242
current mean of losses  0.3744035848217566
current mean of losses  0.37199563124257407
current mean of losses  0.3678852862312824
current mean of losses  0.36458456156086805
meanloss: 0.29097336101833554 ap_class: {0: 0.9629187043093435, 1: 0.9999139972181506, 2: 0.9121778884688938, 3: 0.9890845550345232, 4: 0.9900793704476211, 5: 0.9980025830467454} mean_accuracy: 0.975362849754213 0.8974239230155945
 Loss 0.36703176743912225 class AP 0.975362849754213 mAP 0.8974239230155945 Validation loss {0: 0.9629187043093435, 1: 0.9999139972181506, 2: 0.9121778884688938, 3: 0.9890845550345232, 4: 0.9900793704476211, 5: 0.9980025830467454}
current best 0.8974239230155945  at epoch  1
Epoch 0/1
----------
current mean of losses  1.902390718460083
current mean of losses  2.341595498642119
current mean of losses  2.023755103497956
current mean of losses  1.7866197693783579
current mean of losses  1.6405175875993143
current mean of losses  1.5451031706171359
current mean of losses  1.4688312139070767
current mean of losses  1.4025174737316735
current mean of losses  1.359993684864818
current mean of losses  1.3108653130131742
current mean of losses  1.2717633469180984
current mean of losses  1.2381981816159715
meanloss: 0.7016007284323375 ap_class: {0: 0.8382041067288767, 1: 0.9985066993423231, 2: 0.5026693181588062, 3: 0.9542197585097646, 4: 0.942681162299035, 5: 0.8300844281313751} mean_accuracy: 0.8443942455283634 0.7609734535217285
 Loss 1.2087913289264798 class AP 0.8443942455283634 mAP 0.7609734535217285 Validation loss {0: 0.8382041067288767, 1: 0.9985066993423231, 2: 0.5026693181588062, 3: 0.9542197585097646, 4: 0.942681162299035, 5: 0.8300844281313751}
current best 0.7609734535217285  at epoch  0
Epoch 1/1
----------
current mean of losses  0.8959054946899414
current mean of losses  0.8291741158112441
current mean of losses  0.8047579781926093
current mean of losses  0.7795811783633755
current mean of losses  0.7775126394636911
current mean of losses  0.7607116157452979
current mean of losses  0.7572063602221984
current mean of losses  0.7436381247792706
current mean of losses  0.7407903355475371
current mean of losses  0.7351334089047371
current mean of losses  0.7301797892276819
current mean of losses  0.7213935903277753
meanloss: 0.6971457810628982 ap_class: {0: 0.7656074318613069, 1: 0.999905483122898, 2: 0.9758133284293015, 3: 0.6977641290491388, 4: 0.8748117519895855, 5: 0.7361022267650421} mean_accuracy: 0.8416673918695454 0.7595420479774475
 Loss 0.7181997230646486 class AP 0.8416673918695454 mAP 0.7595420479774475 Validation loss {0: 0.7656074318613069, 1: 0.999905483122898, 2: 0.9758133284293015, 3: 0.6977641290491388, 4: 0.8748117519895855, 5: 0.7361022267650421}
Epoch 0/1
----------
current mean of losses  1.8075307607650757
current mean of losses  1.2556831004595992
current mean of losses  0.9384855647288745
current mean of losses  0.7891398885618413
current mean of losses  0.6924589703096415
current mean of losses  0.6257812840243181
current mean of losses  0.5869672661290788
current mean of losses  0.5549820797908493
current mean of losses  0.5306503450737501
current mean of losses  0.5063361777726573
current mean of losses  0.4877551898442127
current mean of losses  0.47463807994694357
meanloss: 0.22040946659676375 ap_class: {0: 0.9744258711536444, 1: 0.9998300657506449, 2: 0.9515436977369133, 3: 0.9551988324204757, 4: 0.9996351913550519, 5: 0.9987172964247598} mean_accuracy: 0.979891825806915 0.931297779083252
 Loss: 0.46743445241547843 class AP: {0: 0.9744258711536444, 1: 0.9998300657506449, 2: 0.9515436977369133, 3: 0.9551988324204757, 4: 0.9996351913550519, 5: 0.9987172964247598} mAP: 0.979891825806915 Validation loss: 0.22040946659676375 val_accuracy: 0.9246217
current best 0.979891825806915  at epoch  0
Epoch 1/1
----------
current mean of losses  0.07400514930486679
current mean of losses  0.27742141573735984
current mean of losses  0.27701736900455026
current mean of losses  0.2743197941218203
current mean of losses  0.2734585051376029
current mean of losses  0.27194517892515824
current mean of losses  0.26967262390523705
current mean of losses  0.27037051003878027
current mean of losses  0.27216007250050706
current mean of losses  0.2714102992045793
current mean of losses  0.2718715593311843
current mean of losses  0.26911330456717736
meanloss: 0.22845836137643172 ap_class: {0: 0.9900800973973509, 1: 0.9997634538249905, 2: 0.8533186841367357, 3: 0.9885271620863229, 4: 0.9998849149276564, 5: 0.9964585091253555} mean_accuracy: 0.9713388035830688 0.9217559099197388
 Loss: 0.27092790994510957 class AP: {0: 0.9900800973973509, 1: 0.9997634538249905, 2: 0.8533186841367357, 3: 0.9885271620863229, 4: 0.9998849149276564, 5: 0.9964585091253555} mAP: 0.9713388035830688 Validation loss: 0.22845836137643172 val_accuracy: 0.91582114
best hyperparam:0.001
Epoch 0/1
----------
current mean of losses  1.8044049739837646
current mean of losses  1.0583088858292835
current mean of losses  0.8835527635925445
current mean of losses  0.8451121756404737
current mean of losses  0.7761944697570622
current mean of losses  0.7246021079773198
current mean of losses  0.682234813752096
current mean of losses  0.6586227958753557
current mean of losses  0.6370970184069485
current mean of losses  0.6198200173076495
current mean of losses  0.6002684064771419
current mean of losses  0.5858650356717239
meanloss: 0.3366073306383831 ap_class: {0: 0.9574654320224767, 1: 0.9997874150467257, 2: 0.9898981496353509, 3: 0.669545112982163, 4: 0.993115020072465, 5: 0.9977742652040507} mean_accuracy: 0.9345975658272053 0.8778625726699829
 Loss: 0.5729730105802091 class AP: {0: 0.9574654320224767, 1: 0.9997874150467257, 2: 0.9898981496353509, 3: 0.669545112982163, 4: 0.993115020072465, 5: 0.9977742652040507} mAP: 0.9345975658272053 Validation loss: 0.3366073306383831 val_accuracy: 0.88047516
current best 0.9345975658272053  at epoch  0
Epoch 1/1
----------
current mean of losses  0.6403718590736389
current mean of losses  0.4475299815213916
current mean of losses  0.395578732454584
current mean of losses  0.3818947585559515
current mean of losses  0.3883455899843663
current mean of losses  0.3804474171016834
current mean of losses  0.3744249654741657
current mean of losses  0.377881128582758
current mean of losses  0.3723663201302141
current mean of losses  0.3674505071179088
current mean of losses  0.35931603706718146
current mean of losses  0.3569182498815328
meanloss: 0.23158366243864986 ap_class: {0: 0.9820346828140781, 1: 0.9990047599491938, 2: 0.9722688318165347, 3: 0.9749253844267648, 4: 0.9957688366670006, 5: 0.9948457186586184} mean_accuracy: 0.9864747023886985 0.9217556118965149
 Loss: 0.3565641590096182 class AP: {0: 0.9820346828140781, 1: 0.9990047599491938, 2: 0.9722688318165347, 3: 0.9749253844267648, 4: 0.9957688366670006, 5: 0.9948457186586184} mAP: 0.9864747023886985 Validation loss: 0.23158366243864986 val_accuracy: 0.91323596
current best 0.9864747023886985  at epoch  1
best hyperparam:0.01
Epoch 0/1
----------
current mean of losses  1.6008663177490234
current mean of losses  1.9461472724923994
current mean of losses  1.612618910732554
current mean of losses  1.4610138929563503
current mean of losses  1.3516553956968826
current mean of losses  1.2835815699395543
current mean of losses  1.236474568603836
current mean of losses  1.183434081188112
current mean of losses  1.1371972253743778
current mean of losses  1.0993276466837734
current mean of losses  1.0658154160558404
current mean of losses  1.0343479530633741
meanloss: 0.5628524064662911 ap_class: {0: 0.9291992608445461, 1: 0.9971066213155519, 2: 0.8647109723481766, 3: 0.9639182791733995, 4: 0.827758503269705, 5: 0.9808517821609526} mean_accuracy: 0.9272575698520553 0.8029577732086182
 Loss: 1.0128439521975188 class AP: {0: 0.9291992608445461, 1: 0.9971066213155519, 2: 0.8647109723481766, 3: 0.9639182791733995, 4: 0.827758503269705, 5: 0.9808517821609526} mAP: 0.9272575698520553 Validation loss: 0.5628524064662911 val_accuracy: 0.79863894
current best 0.9272575698520553  at epoch  0
Epoch 1/1
----------
current mean of losses  0.8620231747627258
current mean of losses  0.7327550751442956
current mean of losses  0.7180305723082366
current mean of losses  0.7136511119497179
current mean of losses  0.6851128048247233
current mean of losses  0.6856573975223029
current mean of losses  0.6818840695225855
current mean of losses  0.6726511476532199
current mean of losses  0.6697908526614365
current mean of losses  0.6693855909574838
current mean of losses  0.6623279724519451
current mean of losses  0.657947676105731
meanloss: 0.5215646186400027 ap_class: {0: 0.9918326028747495, 1: 0.9787252050478744, 2: 0.8233604060180424, 3: 0.8444054288745125, 4: 0.9926814985783396, 5: 0.8332846087801813} mean_accuracy: 0.9107149583622833 0.8101142644882202
 Loss: 0.6557223135323236 class AP: {0: 0.9918326028747495, 1: 0.9787252050478744, 2: 0.8233604060180424, 3: 0.8444054288745125, 4: 0.9926814985783396, 5: 0.8332846087801813} mAP: 0.9107149583622833 Validation loss: 0.5215646186400027 val_accuracy: 0.7998236
best hyperparam:0.05
meanloss: 0.5833613799599755 ap_class: {0: 0.9893434819662813, 1: 0.9792479171326172, 2: 0.8284520061590135, 3: 0.7448369288409123, 4: 0.9883687530564134, 5: 0.827452490155216} mean_accuracy: 0.8929502628850757 0.7936094999313354
mAP val 0 mAP test 0.8929502628850757 Ap pr class {0: 0.9893434819662813, 1: 0.9792479171326172, 2: 0.8284520061590135, 3: 0.7448369288409123, 4: 0.9883687530564134, 5: 0.827452490155216} accuracy 0.800052
Epoch 0/1
----------
current mean of losses  1.8522520065307617
current mean of losses  1.2927696598638403
current mean of losses  0.9673719438747387
current mean of losses  0.8053650671610009
current mean of losses  0.7005194523871093
current mean of losses  0.6365884473313115
current mean of losses  0.5875217143489596
current mean of losses  0.5573001863984935
current mean of losses  0.5320764388447249
current mean of losses  0.5103950845439413
current mean of losses  0.4942171628383192
current mean of losses  0.4841872557970635
meanloss: 0.20489646161329889 ap_class: {0: 0.9807732534499655, 1: 0.9999534089055713, 2: 0.955981378607544, 3: 0.9713056222678766, 4: 0.999728243367481, 5: 0.9971607627184182} mean_accuracy: 0.9841504448861428 0.9336830973625183
 Loss: 0.47391609802860957 class AP: {0: 0.9807732534499655, 1: 0.9999534089055713, 2: 0.955981378607544, 3: 0.9713056222678766, 4: 0.999728243367481, 5: 0.9971607627184182} mAP: 0.9841504448861428 Validation loss: 0.20489646161329889 val_accuracy: 0.9248771
current best 0.9841504448861428  at epoch  0
Epoch 1/1
----------
current mean of losses  0.030028721317648888
current mean of losses  0.3073998124218813
current mean of losses  0.308570893805715
current mean of losses  0.2913363870431319
current mean of losses  0.2867746902002658
current mean of losses  0.2860343430280507
current mean of losses  0.28363049568642495
current mean of losses  0.27735768479378775
current mean of losses  0.2794666884841395
current mean of losses  0.27784558478846205
current mean of losses  0.2785207304827214
current mean of losses  0.2780750376048864
meanloss: 0.21051399756134265 ap_class: {0: 0.994650496067078, 1: 0.9996220459931553, 2: 0.9801845703368245, 3: 0.9460161768647106, 4: 0.9989600880598416, 5: 0.9929189366499237} mean_accuracy: 0.985392052328589 0.9255727529525757
 Loss: 0.28072725977436624 class AP: {0: 0.994650496067078, 1: 0.9996220459931553, 2: 0.9801845703368245, 3: 0.9460161768647106, 4: 0.9989600880598416, 5: 0.9929189366499237} mAP: 0.985392052328589 Validation loss: 0.21051399756134265 val_accuracy: 0.9204828
current best 0.985392052328589  at epoch  1
best hyperparam:0.001
Epoch 0/1
----------
current mean of losses  1.8461124897003174
current mean of losses  1.0047008534616764
current mean of losses  0.8784684879492172
current mean of losses  0.7862048444904363
current mean of losses  0.7294228564102454
current mean of losses  0.6889659988576781
current mean of losses  0.657303570263001
current mean of losses  0.628581713380215
current mean of losses  0.6100580712615253
current mean of losses  0.5927658456808719
current mean of losses  0.58138300816749
current mean of losses  0.5695636157863363
meanloss: 0.3148918306188924 ap_class: {0: 0.9591096980495477, 1: 0.999243963334738, 2: 0.801298890567957, 3: 0.9868056964964091, 4: 0.9993341181175562, 5: 0.9936659941343773} mean_accuracy: 0.9565763934500976 0.9002860188484192
 Loss: 0.5589716077848065 class AP: {0: 0.9591096980495477, 1: 0.999243963334738, 2: 0.801298890567957, 3: 0.9868056964964091, 4: 0.9993341181175562, 5: 0.9936659941343773} mAP: 0.9565763934500976 Validation loss: 0.3148918306188924 val_accuracy: 0.88601613
current best 0.9565763934500976  at epoch  0
Epoch 1/1
----------
current mean of losses  0.5337057113647461
current mean of losses  0.4317358608293061
current mean of losses  0.39618013928927
current mean of losses  0.37645382001575245
current mean of losses  0.38082164997917756
current mean of losses  0.3723294948880187
current mean of losses  0.3642952464452748
current mean of losses  0.363379897414235
current mean of losses  0.359188665139411
current mean of losses  0.3579856833995017
current mean of losses  0.35641984593729814
current mean of losses  0.3581583265242227
meanloss: 0.24666206199409707 ap_class: {0: 0.9905508887997234, 1: 0.9996681616421351, 2: 0.977307648910377, 3: 0.963863454240741, 4: 0.9874410261017963, 5: 0.9933510402598487} mean_accuracy: 0.9853637033257702 0.9165076017379761
 Loss: 0.3570467109073844 class AP: {0: 0.9905508887997234, 1: 0.9996681616421351, 2: 0.977307648910377, 3: 0.963863454240741, 4: 0.9874410261017963, 5: 0.9933510402598487} mAP: 0.9853637033257702 Validation loss: 0.24666206199409707 val_accuracy: 0.9063616
current best 0.9853637033257702  at epoch  1
Epoch 0/1
----------
current mean of losses  1.8800456523895264
current mean of losses  2.1688852186250216
current mean of losses  1.9384893632646818
current mean of losses  1.7594908430330778
current mean of losses  1.6593702843510303
current mean of losses  1.575775571628483
current mean of losses  1.497886816098567
current mean of losses  1.436622547525142
current mean of losses  1.3860236289498213
current mean of losses  1.3401154349831974
current mean of losses  1.295867168343627
current mean of losses  1.2632795076658248
meanloss: 0.7771627573739914 ap_class: {0: 0.9861376940630827, 1: 0.981667180768655, 2: 0.5380904851782038, 3: 0.7678939330809429, 4: 0.9717838330063346, 5: 0.5949476862532908} mean_accuracy: 0.806753468725085 0.7108778953552246
 Loss: 1.230879566070909 class AP: {0: 0.9861376940630827, 1: 0.981667180768655, 2: 0.5380904851782038, 3: 0.7678939330809429, 4: 0.9717838330063346, 5: 0.5949476862532908} mAP: 0.806753468725085 Validation loss: 0.7771627573739914 val_accuracy: 0.7085565
current best 0.806753468725085  at epoch  0
Epoch 1/1
----------
current mean of losses  0.6837762594223022
current mean of losses  0.8043098771336055
current mean of losses  0.791544335398508
current mean of losses  0.7926765894176953
current mean of losses  0.7878306044493233
current mean of losses  0.7850343793660343
current mean of losses  0.7796076228113817
current mean of losses  0.7763807665710782
current mean of losses  0.7642651462878627
current mean of losses  0.7589478844758144
current mean of losses  0.7476956492343864
current mean of losses  0.7410842421634646
meanloss: 0.5385247021558739 ap_class: {0: 0.9559799127988017, 1: 0.9983795610500081, 2: 0.8905640916842856, 3: 0.9662081861220002, 4: 0.8652540522368217, 5: 0.904689617218672} mean_accuracy: 0.9301792368517651 0.8177483081817627
 Loss: 0.7378944803142187 class AP: {0: 0.9559799127988017, 1: 0.9983795610500081, 2: 0.8905640916842856, 3: 0.9662081861220002, 4: 0.8652540522368217, 5: 0.904689617218672} mAP: 0.9301792368517651 Validation loss: 0.5385247021558739 val_accuracy: 0.80543375
current best 0.9301792368517651  at epoch  1
meanloss: 0.20544454769052395 ap_class: {0: 0.9956474224195278, 1: 0.9996732004716232, 2: 0.9814687679915896, 3: 0.9637840778433583, 4: 0.9976937616296498, 5: 0.989161862630013} mean_accuracy: 0.9879048488309602 0.9256603717803955
mAP val 0.9301792368517651 mAP test 0.9879048488309602 Ap pr class {0: 0.9956474224195278, 1: 0.9996732004716232, 2: 0.9814687679915896, 3: 0.9637840778433583, 4: 0.9976937616296498, 5: 0.989161862630013} accuracy 0.93249184
