Epoch 1/4, accuracy: 0.9030
 * Micro Average: f1: 0.8121, precision: 0.8040, recall: 0.8203
 * Macro Average: f1: 0.8138, precision: 0.8037, recall: 0.8246

Epoch 2/4, accuracy: 0.9205
 * Micro Average: f1: 0.8454, precision: 0.8450, recall: 0.8457
 * Macro Average: f1: 0.8466, precision: 0.8477, recall: 0.8456

Epoch 3/4, accuracy: 0.9261
 * Micro Average: f1: 0.8571, precision: 0.8605, recall: 0.8539
 * Macro Average: f1: 0.8583, precision: 0.8612, recall: 0.8558

Epoch 4/4, accuracy: 0.9307
 * Micro Average: f1: 0.8659, precision: 0.8654, recall: 0.8663
 * Macro Average: f1: 0.8672, precision: 0.8659, recall: 0.8685

Classification Report on test set:

________________________________________
trainset:train-en-train-it-train-de and testset:dev-de:

________________________________________
 LOC:
  * precision: 0.8677
  * recall: 0.8498
  * f1-score: 0.8587
  * support: 9898.0000
 ORG:
  * precision: 0.8310
  * recall: 0.8488
  * f1-score: 0.8398
  * support: 17484.0000
 PER:
  * precision: 0.8673
  * recall: 0.8523
  * f1-score: 0.8598
  * support: 15250.0000
 micro avg:
  * precision: 0.8522
  * recall: 0.8503
  * f1-score: 0.8512
  * support: 42632.0000
 macro avg:
  * precision: 0.8554
  * recall: 0.8503
  * f1-score: 0.8527
  * support: 42632.0000
 weighted avg:
  * precision: 0.8525
  * recall: 0.8503
  * f1-score: 0.8513
  * support: 42632.0000
 accuracy:
  * 0.9347
________________________________________


Epoch 1/4, accuracy: 0.9006
 * Micro Average: f1: 0.8243, precision: 0.8245, recall: 0.8242
 * Macro Average: f1: 0.8257, precision: 0.8253, recall: 0.8261

Epoch 2/4, accuracy: 0.9113
 * Micro Average: f1: 0.8434, precision: 0.8344, recall: 0.8526
 * Macro Average: f1: 0.8446, precision: 0.8359, recall: 0.8535

Epoch 3/4, accuracy: 0.9173
 * Micro Average: f1: 0.8531, precision: 0.8484, recall: 0.8578
 * Macro Average: f1: 0.8545, precision: 0.8507, recall: 0.8584

Epoch 4/4, accuracy: 0.9211
 * Micro Average: f1: 0.8612, precision: 0.8592, recall: 0.8633
 * Macro Average: f1: 0.8624, precision: 0.8610, recall: 0.8638

Classification Report on test set:

________________________________________
trainset:train-en-train-it and testset:dev-de:

________________________________________
 LOC:
  * precision: 0.8044
  * recall: 0.7568
  * f1-score: 0.7799
  * support: 9898.0000
 ORG:
  * precision: 0.6913
  * recall: 0.7508
  * f1-score: 0.7198
  * support: 17484.0000
 PER:
  * precision: 0.6855
  * recall: 0.8223
  * f1-score: 0.7477
  * support: 15250.0000
 micro avg:
  * precision: 0.7116
  * recall: 0.7778
  * f1-score: 0.7432
  * support: 42632.0000
 macro avg:
  * precision: 0.7271
  * recall: 0.7766
  * f1-score: 0.7491
  * support: 42632.0000
 weighted avg:
  * precision: 0.7155
  * recall: 0.7778
  * f1-score: 0.7437
  * support: 42632.0000
 accuracy:
  * 0.8736
________________________________________


Epoch 1/4, accuracy: 0.8989
 * Micro Average: f1: 0.8195, precision: 0.8187, recall: 0.8203
 * Macro Average: f1: 0.8205, precision: 0.8177, recall: 0.8238

Epoch 2/4, accuracy: 0.9047
 * Micro Average: f1: 0.8306, precision: 0.8326, recall: 0.8287
 * Macro Average: f1: 0.8325, precision: 0.8376, recall: 0.8282

Epoch 3/4, accuracy: 0.9155
 * Micro Average: f1: 0.8492, precision: 0.8503, recall: 0.8481
 * Macro Average: f1: 0.8511, precision: 0.8505, recall: 0.8518

Epoch 4/4, accuracy: 0.9199
 * Micro Average: f1: 0.8570, precision: 0.8592, recall: 0.8549
 * Macro Average: f1: 0.8585, precision: 0.8587, recall: 0.8584

Classification Report on test set:

________________________________________
trainset:train-en-train-it and testset:dev-it:

________________________________________
 LOC:
  * precision: 0.8719
  * recall: 0.8867
  * f1-score: 0.8792
  * support: 10146.0000
 ORG:
  * precision: 0.8575
  * recall: 0.8730
  * f1-score: 0.8652
  * support: 14472.0000
 PER:
  * precision: 0.8793
  * recall: 0.8611
  * f1-score: 0.8701
  * support: 18934.0000
 micro avg:
  * precision: 0.8701
  * recall: 0.8710
  * f1-score: 0.8706
  * support: 43552.0000
 macro avg:
  * precision: 0.8695
  * recall: 0.8736
  * f1-score: 0.8715
  * support: 43552.0000
 weighted avg:
  * precision: 0.8703
  * recall: 0.8710
  * f1-score: 0.8706
  * support: 43552.0000
 accuracy:
  * 0.9315
________________________________________


Epoch 1/4, accuracy: 0.8976
 * Micro Average: f1: 0.8182, precision: 0.8203, recall: 0.8162
 * Macro Average: f1: 0.8195, precision: 0.8231, recall: 0.8162

Epoch 2/4, accuracy: 0.9108
 * Micro Average: f1: 0.8418, precision: 0.8393, recall: 0.8444
 * Macro Average: f1: 0.8430, precision: 0.8399, recall: 0.8462

Epoch 3/4, accuracy: 0.9191
 * Micro Average: f1: 0.8566, precision: 0.8567, recall: 0.8566
 * Macro Average: f1: 0.8578, precision: 0.8553, recall: 0.8607

Epoch 4/4, accuracy: 0.9222
 * Micro Average: f1: 0.8622, precision: 0.8596, recall: 0.8649
 * Macro Average: f1: 0.8634, precision: 0.8597, recall: 0.8672

Classification Report on test set:

________________________________________
trainset:train-en-train-it and testset:dev-en:

________________________________________
 LOC:
  * precision: 0.8190
  * recall: 0.8318
  * f1-score: 0.8253
  * support: 11449.0000
 ORG:
  * precision: 0.8200
  * recall: 0.8307
  * f1-score: 0.8253
  * support: 16344.0000
 PER:
  * precision: 0.8041
  * recall: 0.8102
  * f1-score: 0.8071
  * support: 22343.0000
 micro avg:
  * precision: 0.8127
  * recall: 0.8218
  * f1-score: 0.8172
  * support: 50136.0000
 macro avg:
  * precision: 0.8143
  * recall: 0.8242
  * f1-score: 0.8192
  * support: 50136.0000
 weighted avg:
  * precision: 0.8127
  * recall: 0.8218
  * f1-score: 0.8172
  * support: 50136.0000
 accuracy:
  * 0.8938
________________________________________


Epoch 1/4, accuracy: 0.8978
 * Micro Average: f1: 0.8168, precision: 0.8139, recall: 0.8197
 * Macro Average: f1: 0.8181, precision: 0.8137, recall: 0.8241

Epoch 2/4, accuracy: 0.9069
 * Micro Average: f1: 0.8357, precision: 0.8308, recall: 0.8405
 * Macro Average: f1: 0.8378, precision: 0.8388, recall: 0.8378

Epoch 3/4, accuracy: 0.9158
 * Micro Average: f1: 0.8498, precision: 0.8493, recall: 0.8502
 * Macro Average: f1: 0.8510, precision: 0.8489, recall: 0.8533

Epoch 4/4, accuracy: 0.9200
 * Micro Average: f1: 0.8578, precision: 0.8570, recall: 0.8586
 * Macro Average: f1: 0.8594, precision: 0.8577, recall: 0.8610

Classification Report on test set:

________________________________________
trainset:train-en-train-it and testset:dev-sw:

________________________________________
 LOC:
  * precision: 0.6320
  * recall: 0.7024
  * f1-score: 0.6654
  * support: 961.0000
 ORG:
  * precision: 0.6056
  * recall: 0.6033
  * f1-score: 0.6044
  * support: 1331.0000
 PER:
  * precision: 0.7102
  * recall: 0.7253
  * f1-score: 0.7176
  * support: 1456.0000
 micro avg:
  * precision: 0.6529
  * recall: 0.6761
  * f1-score: 0.6643
  * support: 3748.0000
 macro avg:
  * precision: 0.6493
  * recall: 0.6770
  * f1-score: 0.6625
  * support: 3748.0000
 weighted avg:
  * precision: 0.6530
  * recall: 0.6761
  * f1-score: 0.6640
  * support: 3748.0000
 accuracy:
  * 0.7573
________________________________________


Epoch 1/4, accuracy: 0.8903
 * Micro Average: f1: 0.8001, precision: 0.8164, recall: 0.7844
 * Macro Average: f1: 0.8009, precision: 0.8119, recall: 0.7934

Epoch 2/4, accuracy: 0.9080
 * Micro Average: f1: 0.8375, precision: 0.8323, recall: 0.8428
 * Macro Average: f1: 0.8400, precision: 0.8362, recall: 0.8440

Epoch 3/4, accuracy: 0.9177
 * Micro Average: f1: 0.8523, precision: 0.8490, recall: 0.8556
 * Macro Average: f1: 0.8548, precision: 0.8511, recall: 0.8587

Epoch 4/4, accuracy: 0.9189
 * Micro Average: f1: 0.8561, precision: 0.8532, recall: 0.8591
 * Macro Average: f1: 0.8585, precision: 0.8550, recall: 0.8622

Classification Report on test set:

________________________________________
trainset:train-en-train-it and testset:dev-af:

________________________________________
 LOC:
  * precision: 0.7070
  * recall: 0.7828
  * f1-score: 0.7430
  * support: 792.0000
 ORG:
  * precision: 0.6853
  * recall: 0.7815
  * f1-score: 0.7303
  * support: 2082.0000
 PER:
  * precision: 0.7361
  * recall: 0.7952
  * f1-score: 0.7645
  * support: 2217.0000
 micro avg:
  * precision: 0.7102
  * recall: 0.7877
  * f1-score: 0.7469
  * support: 5091.0000
 macro avg:
  * precision: 0.7095
  * recall: 0.7865
  * f1-score: 0.7459
  * support: 5091.0000
 weighted avg:
  * precision: 0.7108
  * recall: 0.7877
  * f1-score: 0.7472
  * support: 5091.0000
 accuracy:
  * 0.8785
________________________________________


Iteration  1, Inner iteration  5: 1905.5121 seconds for train language combination:train-en-train-it 
Epoch 1/4, accuracy: 0.9012
 * Micro Average: f1: 0.8042, precision: 0.7888, recall: 0.8203
 * Macro Average: f1: 0.8047, precision: 0.7885, recall: 0.8220

Epoch 2/4, accuracy: 0.9138
 * Micro Average: f1: 0.8302, precision: 0.8285, recall: 0.8319
 * Macro Average: f1: 0.8310, precision: 0.8291, recall: 0.8329

Epoch 3/4, accuracy: 0.9200
 * Micro Average: f1: 0.8433, precision: 0.8414, recall: 0.8453
 * Macro Average: f1: 0.8443, precision: 0.8439, recall: 0.8448

Epoch 4/4, accuracy: 0.9234
 * Micro Average: f1: 0.8484, precision: 0.8464, recall: 0.8505
 * Macro Average: f1: 0.8495, precision: 0.8479, recall: 0.8512

Classification Report on test set:

________________________________________
trainset:train-en-train-de and testset:dev-de:

________________________________________
 LOC:
  * precision: 0.8589
  * recall: 0.8438
  * f1-score: 0.8513
  * support: 9912.0000
 ORG:
  * precision: 0.8216
  * recall: 0.8496
  * f1-score: 0.8353
  * support: 17477.0000
 PER:
  * precision: 0.8665
  * recall: 0.8498
  * f1-score: 0.8580
  * support: 15256.0000
 micro avg:
  * precision: 0.8458
  * recall: 0.8483
  * f1-score: 0.8470
  * support: 42645.0000
 macro avg:
  * precision: 0.8490
  * recall: 0.8477
  * f1-score: 0.8482
  * support: 42645.0000
 weighted avg:
  * precision: 0.8463
  * recall: 0.8483
  * f1-score: 0.8472
  * support: 42645.0000
 accuracy:
  * 0.9332
________________________________________


Epoch 1/4, accuracy: 0.9035
 * Micro Average: f1: 0.8089, precision: 0.8093, recall: 0.8085
 * Macro Average: f1: 0.8100, precision: 0.8092, recall: 0.8110

Epoch 2/4, accuracy: 0.9159
 * Micro Average: f1: 0.8334, precision: 0.8323, recall: 0.8345
 * Macro Average: f1: 0.8343, precision: 0.8340, recall: 0.8347

Epoch 3/4, accuracy: 0.9222
 * Micro Average: f1: 0.8454, precision: 0.8440, recall: 0.8469
 * Macro Average: f1: 0.8465, precision: 0.8438, recall: 0.8493

Epoch 4/4, accuracy: 0.9244
 * Micro Average: f1: 0.8505, precision: 0.8503, recall: 0.8506
 * Macro Average: f1: 0.8516, precision: 0.8507, recall: 0.8525

Classification Report on test set:

________________________________________
trainset:train-en-train-de and testset:dev-it:

________________________________________
 LOC:
  * precision: 0.7821
  * recall: 0.8302
  * f1-score: 0.8054
  * support: 10139.0000
 ORG:
  * precision: 0.7376
  * recall: 0.7381
  * f1-score: 0.7379
  * support: 14450.0000
 PER:
  * precision: 0.7474
  * recall: 0.8159
  * f1-score: 0.7801
  * support: 18941.0000
 micro avg:
  * precision: 0.7524
  * recall: 0.7934
  * f1-score: 0.7724
  * support: 43530.0000
 macro avg:
  * precision: 0.7557
  * recall: 0.7947
  * f1-score: 0.7745
  * support: 43530.0000
 weighted avg:
  * precision: 0.7522
  * recall: 0.7934
  * f1-score: 0.7720
  * support: 43530.0000
 accuracy:
  * 0.8661
________________________________________


Epoch 1/4, accuracy: 0.9004
 * Micro Average: f1: 0.7933, precision: 0.7891, recall: 0.7975
 * Macro Average: f1: 0.7916, precision: 0.7834, recall: 0.8029

Epoch 2/4, accuracy: 0.9084
 * Micro Average: f1: 0.8149, precision: 0.8031, recall: 0.8270
 * Macro Average: f1: 0.8159, precision: 0.8056, recall: 0.8268

Epoch 3/4, accuracy: 0.9181
 * Micro Average: f1: 0.8285, precision: 0.8285, recall: 0.8286
 * Macro Average: f1: 0.8300, precision: 0.8294, recall: 0.8306

Epoch 4/4, accuracy: 0.9239
 * Micro Average: f1: 0.8459, precision: 0.8469, recall: 0.8448
 * Macro Average: f1: 0.8473, precision: 0.8475, recall: 0.8471

Classification Report on test set:

________________________________________
trainset:train-en-train-de and testset:dev-en:

________________________________________
 LOC:
  * precision: 0.8050
  * recall: 0.8331
  * f1-score: 0.8189
  * support: 11459.0000
 ORG:
  * precision: 0.8192
  * recall: 0.8234
  * f1-score: 0.8213
  * support: 16364.0000
 PER:
  * precision: 0.8060
  * recall: 0.7894
  * f1-score: 0.7976
  * support: 22370.0000
 micro avg:
  * precision: 0.8101
  * recall: 0.8105
  * f1-score: 0.8103
  * support: 50193.0000
 macro avg:
  * precision: 0.8101
  * recall: 0.8153
  * f1-score: 0.8126
  * support: 50193.0000
 weighted avg:
  * precision: 0.8101
  * recall: 0.8105
  * f1-score: 0.8102
  * support: 50193.0000
 accuracy:
  * 0.8913
________________________________________


Epoch 1/4, accuracy: 0.8990
 * Micro Average: f1: 0.7980, precision: 0.7985, recall: 0.7974
 * Macro Average: f1: 0.7993, precision: 0.8085, recall: 0.7927

Epoch 2/4, accuracy: 0.9162
 * Micro Average: f1: 0.8326, precision: 0.8305, recall: 0.8348
 * Macro Average: f1: 0.8342, precision: 0.8344, recall: 0.8349

Epoch 3/4, accuracy: 0.9209
 * Micro Average: f1: 0.8417, precision: 0.8401, recall: 0.8433
 * Macro Average: f1: 0.8434, precision: 0.8438, recall: 0.8432

Epoch 4/4, accuracy: 0.9256
 * Micro Average: f1: 0.8513, precision: 0.8489, recall: 0.8537
 * Macro Average: f1: 0.8524, precision: 0.8501, recall: 0.8547

Classification Report on test set:

________________________________________
trainset:train-en-train-de and testset:dev-sw:

________________________________________
 LOC:
  * precision: 0.5949
  * recall: 0.6504
  * f1-score: 0.6214
  * support: 964.0000
 ORG:
  * precision: 0.5660
  * recall: 0.5923
  * f1-score: 0.5789
  * support: 1332.0000
 PER:
  * precision: 0.5862
  * recall: 0.7055
  * f1-score: 0.6403
  * support: 1460.0000
 micro avg:
  * precision: 0.5817
  * recall: 0.6512
  * f1-score: 0.6145
  * support: 3756.0000
 macro avg:
  * precision: 0.5824
  * recall: 0.6494
  * f1-score: 0.6135
  * support: 3756.0000
 weighted avg:
  * precision: 0.5813
  * recall: 0.6512
  * f1-score: 0.6137
  * support: 3756.0000
 accuracy:
  * 0.7187
________________________________________


Epoch 1/4, accuracy: 0.9016
 * Micro Average: f1: 0.8049, precision: 0.7993, recall: 0.8106
 * Macro Average: f1: 0.8071, precision: 0.8104, recall: 0.8062

Epoch 2/4, accuracy: 0.9151
 * Micro Average: f1: 0.8317, precision: 0.8332, recall: 0.8301
 * Macro Average: f1: 0.8334, precision: 0.8369, recall: 0.8304

Epoch 3/4, accuracy: 0.9216
 * Micro Average: f1: 0.8454, precision: 0.8480, recall: 0.8429
 * Macro Average: f1: 0.8473, precision: 0.8493, recall: 0.8452

Epoch 4/4, accuracy: 0.9246
 * Micro Average: f1: 0.8513, precision: 0.8504, recall: 0.8523
 * Macro Average: f1: 0.8532, precision: 0.8520, recall: 0.8545

Classification Report on test set:

________________________________________
trainset:train-en-train-de and testset:dev-af:

________________________________________
 LOC:
  * precision: 0.7155
  * recall: 0.8174
  * f1-score: 0.7631
  * support: 794.0000
 ORG:
  * precision: 0.7409
  * recall: 0.8280
  * f1-score: 0.7821
  * support: 2076.0000
 PER:
  * precision: 0.8091
  * recall: 0.8487
  * f1-score: 0.8284
  * support: 2207.0000
 micro avg:
  * precision: 0.7652
  * recall: 0.8353
  * f1-score: 0.7988
  * support: 5077.0000
 macro avg:
  * precision: 0.7552
  * recall: 0.8314
  * f1-score: 0.7912
  * support: 5077.0000
 weighted avg:
  * precision: 0.7666
  * recall: 0.8353
  * f1-score: 0.7992
  * support: 5077.0000
 accuracy:
  * 0.9036
________________________________________


Iteration  2, Inner iteration  5: 2067.5722 seconds for train language combination:train-en-train-de 
Epoch 1/4, accuracy: 0.9035
 * Micro Average: f1: 0.8092, precision: 0.8040, recall: 0.8145
 * Macro Average: f1: 0.8106, precision: 0.8056, recall: 0.8193

Epoch 2/4, accuracy: 0.9165
 * Micro Average: f1: 0.8369, precision: 0.8468, recall: 0.8273
 * Macro Average: f1: 0.8380, precision: 0.8437, recall: 0.8337

Epoch 3/4, accuracy: 0.9257
 * Micro Average: f1: 0.8549, precision: 0.8524, recall: 0.8573
 * Macro Average: f1: 0.8561, precision: 0.8531, recall: 0.8591

Epoch 4/4, accuracy: 0.9291
 * Micro Average: f1: 0.8620, precision: 0.8615, recall: 0.8625
 * Macro Average: f1: 0.8636, precision: 0.8629, recall: 0.8644

Classification Report on test set:

________________________________________
trainset:train-en-train-it-train-de and testset:dev-de:

________________________________________
 LOC:
  * precision: 0.8702
  * recall: 0.8445
  * f1-score: 0.8572
  * support: 9911.0000
 ORG:
  * precision: 0.8209
  * recall: 0.8595
  * f1-score: 0.8398
  * support: 17499.0000
 PER:
  * precision: 0.8687
  * recall: 0.8515
  * f1-score: 0.8600
  * support: 15266.0000
 micro avg:
  * precision: 0.8486
  * recall: 0.8532
  * f1-score: 0.8509
  * support: 42676.0000
 macro avg:
  * precision: 0.8533
  * recall: 0.8519
  * f1-score: 0.8523
  * support: 42676.0000
 weighted avg:
  * precision: 0.8495
  * recall: 0.8532
  * f1-score: 0.8511
  * support: 42676.0000
 accuracy:
  * 0.9349
________________________________________


Epoch 1/4, accuracy: 0.9099
 * Micro Average: f1: 0.8249, precision: 0.8275, recall: 0.8222
 * Macro Average: f1: 0.8259, precision: 0.8277, recall: 0.8241

Epoch 2/4, accuracy: 0.9166
 * Micro Average: f1: 0.8377, precision: 0.8299, recall: 0.8457
 * Macro Average: f1: 0.8378, precision: 0.8290, recall: 0.8476

Epoch 3/4, accuracy: 0.9278
 * Micro Average: f1: 0.8579, precision: 0.8563, recall: 0.8596
 * Macro Average: f1: 0.8588, precision: 0.8575, recall: 0.8604

Epoch 4/4, accuracy: 0.9290
 * Micro Average: f1: 0.8611, precision: 0.8580, recall: 0.8642
 * Macro Average: f1: 0.8622, precision: 0.8594, recall: 0.8650

Classification Report on test set:

________________________________________
trainset:train-en-train-it-train-de and testset:dev-it:

________________________________________
 LOC:
  * precision: 0.8847
  * recall: 0.8915
  * f1-score: 0.8881
  * support: 10139.0000
 ORG:
  * precision: 0.8610
  * recall: 0.8742
  * f1-score: 0.8676
  * support: 14469.0000
 PER:
  * precision: 0.8807
  * recall: 0.8744
  * f1-score: 0.8775
  * support: 18947.0000
 micro avg:
  * precision: 0.8750
  * recall: 0.8783
  * f1-score: 0.8767
  * support: 43555.0000
 macro avg:
  * precision: 0.8755
  * recall: 0.8800
  * f1-score: 0.8777
  * support: 43555.0000
 weighted avg:
  * precision: 0.8751
  * recall: 0.8783
  * f1-score: 0.8767
  * support: 43555.0000
 accuracy:
  * 0.9336
________________________________________


Epoch 1/4, accuracy: 0.9081
 * Micro Average: f1: 0.8227, precision: 0.8151, recall: 0.8305
 * Macro Average: f1: 0.8245, precision: 0.8187, recall: 0.8305

Epoch 2/4, accuracy: 0.9198
 * Micro Average: f1: 0.8443, precision: 0.8465, recall: 0.8421
 * Macro Average: f1: 0.8452, precision: 0.8474, recall: 0.8429

Epoch 3/4, accuracy: 0.9255
 * Micro Average: f1: 0.8580, precision: 0.8580, recall: 0.8580
 * Macro Average: f1: 0.8594, precision: 0.8613, recall: 0.8576

Epoch 4/4, accuracy: 0.9301
 * Micro Average: f1: 0.8662, precision: 0.8639, recall: 0.8686
 * Macro Average: f1: 0.8671, precision: 0.8652, recall: 0.8690

Classification Report on test set:

________________________________________
trainset:train-en-train-it-train-de and testset:dev-en:

________________________________________
 LOC:
  * precision: 0.8157
  * recall: 0.8323
  * f1-score: 0.8239
  * support: 11451.0000
 ORG:
  * precision: 0.8170
  * recall: 0.8241
  * f1-score: 0.8206
  * support: 16366.0000
 PER:
  * precision: 0.8095
  * recall: 0.8103
  * f1-score: 0.8099
  * support: 22361.0000
 micro avg:
  * precision: 0.8134
  * recall: 0.8199
  * f1-score: 0.8166
  * support: 50178.0000
 macro avg:
  * precision: 0.8141
  * recall: 0.8223
  * f1-score: 0.8181
  * support: 50178.0000
 weighted avg:
  * precision: 0.8134
  * recall: 0.8199
  * f1-score: 0.8166
  * support: 50178.0000
 accuracy:
  * 0.8940
________________________________________


Epoch 1/4, accuracy: 0.9046
 * Micro Average: f1: 0.8150, precision: 0.8028, recall: 0.8276
 * Macro Average: f1: 0.8165, precision: 0.8046, recall: 0.8289

Epoch 2/4, accuracy: 0.9175
 * Micro Average: f1: 0.8382, precision: 0.8366, recall: 0.8397
 * Macro Average: f1: 0.8386, precision: 0.8372, recall: 0.8399

Epoch 3/4, accuracy: 0.9251
 * Micro Average: f1: 0.8546, precision: 0.8544, recall: 0.8549
 * Macro Average: f1: 0.8558, precision: 0.8560, recall: 0.8556

Epoch 4/4, accuracy: 0.9296
 * Micro Average: f1: 0.8636, precision: 0.8601, recall: 0.8670
 * Macro Average: f1: 0.8644, precision: 0.8613, recall: 0.8676

Classification Report on test set:

________________________________________
trainset:train-en-train-it-train-de and testset:dev-sw:

________________________________________
 LOC:
  * precision: 0.6148
  * recall: 0.7000
  * f1-score: 0.6547
  * support: 960.0000
 ORG:
  * precision: 0.6100
  * recall: 0.6479
  * f1-score: 0.6284
  * support: 1335.0000
 PER:
  * precision: 0.7066
  * recall: 0.7535
  * f1-score: 0.7293
  * support: 1448.0000
 micro avg:
  * precision: 0.6481
  * recall: 0.7021
  * f1-score: 0.6740
  * support: 3743.0000
 macro avg:
  * precision: 0.6438
  * recall: 0.7005
  * f1-score: 0.6708
  * support: 3743.0000
 weighted avg:
  * precision: 0.6486
  * recall: 0.7021
  * f1-score: 0.6742
  * support: 3743.0000
 accuracy:
  * 0.7573
________________________________________


Epoch 1/4, accuracy: 0.9094
 * Micro Average: f1: 0.8254, precision: 0.8280, recall: 0.8228
 * Macro Average: f1: 0.8273, precision: 0.8301, recall: 0.8253

Epoch 2/4, accuracy: 0.9198
 * Micro Average: f1: 0.8438, precision: 0.8421, recall: 0.8456
 * Macro Average: f1: 0.8444, precision: 0.8397, recall: 0.8496

Epoch 3/4, accuracy: 0.9275
 * Micro Average: f1: 0.8595, precision: 0.8544, recall: 0.8647
 * Macro Average: f1: 0.8604, precision: 0.8563, recall: 0.8647

Epoch 4/4, accuracy: 0.9305
 * Micro Average: f1: 0.8653, precision: 0.8637, recall: 0.8668
 * Macro Average: f1: 0.8664, precision: 0.8637, recall: 0.8692

Classification Report on test set:

________________________________________
trainset:train-en-train-it-train-de and testset:dev-af:

________________________________________
 LOC:
  * precision: 0.6949
  * recall: 0.8463
  * f1-score: 0.7632
  * support: 794.0000
 ORG:
  * precision: 0.7231
  * recall: 0.8069
  * f1-score: 0.7627
  * support: 2087.0000
 PER:
  * precision: 0.7811
  * recall: 0.8226
  * f1-score: 0.8013
  * support: 2221.0000
 micro avg:
  * precision: 0.7423
  * recall: 0.8199
  * f1-score: 0.7792
  * support: 5102.0000
 macro avg:
  * precision: 0.7330
  * recall: 0.8253
  * f1-score: 0.7757
  * support: 5102.0000
 weighted avg:
  * precision: 0.7439
  * recall: 0.8199
  * f1-score: 0.7796
  * support: 5102.0000
 accuracy:
  * 0.8951
________________________________________


Iteration  3, Inner iteration  5: 3023.4739 seconds for train language combination:train-en-train-it-train-de 
